<?xml version="1.0" encoding="UTF-8"?>
<!-- Generated by org.testng.reporters.JUnitReportReporter -->
<testsuite skipped="0" hostname="ABC-PC" name="com.alg.mvnproject.test1" tests="6" failures="0" timestamp="05 Oct 2017 19:22:31 GMT" time="3.931" errors="0">
  <testcase name="testMethod3" time="0.001" classname="com.alg.mvnproject.test1"/>
  <testcase name="testMethod1" time="0.001" classname="com.alg.mvnproject.test1"/>
  <testcase name="testMethod5" time="0.001" classname="com.alg.mvnproject.test1"/>
  <testcase name="testMethod0" time="3.926" classname="com.alg.mvnproject.test1"/>
  <testcase name="testMethod4" time="0.001" classname="com.alg.mvnproject.test1"/>
  <testcase name="testMethod2" time="0.001" classname="com.alg.mvnproject.test1"/>
</testsuite> <!-- com.alg.mvnproject.test1 -->
